2025-05-10 10:24:59 info: Server running in development mode on port 5000
2025-05-10 12:33:27 info: Server running in development mode on port 5000
2025-05-10 12:33:28 info: MongoDB Atlas Connected: ac-sj1hql0-shard-00-00.rioeg14.mongodb.net
2025-05-10 12:52:14 info: Server running in development mode on port 5000
2025-05-10 12:52:15 info: MongoDB Atlas Connected: ac-sj1hql0-shard-00-02.rioeg14.mongodb.net
2025-05-10 14:40:16 info: Server running in development mode on port 5000
2025-05-10 14:40:16 info: MongoDB Atlas Connected: ac-sj1hql0-shard-00-01.rioeg14.mongodb.net
2025-05-10 14:43:04 error: Error: Invalid credentials
    at /Users/lazuardi/voipintegration/backend/controllers/authController.js:23:11
    at process.processTicksAndRejections (node:internal/process/task_queues:105:5)
2025-05-10 14:43:05 error: Error: Invalid credentials
    at /Users/lazuardi/voipintegration/backend/controllers/authController.js:23:11
    at process.processTicksAndRejections (node:internal/process/task_queues:105:5)
2025-05-10 14:43:06 error: Error: Invalid credentials
    at /Users/lazuardi/voipintegration/backend/controllers/authController.js:23:11
    at process.processTicksAndRejections (node:internal/process/task_queues:105:5)
2025-05-10 14:43:06 error: Error: Invalid credentials
    at /Users/lazuardi/voipintegration/backend/controllers/authController.js:23:11
    at process.processTicksAndRejections (node:internal/process/task_queues:105:5)
2025-05-10 14:43:06 error: Error: Invalid credentials
    at /Users/lazuardi/voipintegration/backend/controllers/authController.js:23:11
    at process.processTicksAndRejections (node:internal/process/task_queues:105:5)
2025-05-10 14:43:07 error: Error: Invalid credentials
    at /Users/lazuardi/voipintegration/backend/controllers/authController.js:23:11
    at process.processTicksAndRejections (node:internal/process/task_queues:105:5)
2025-05-10 14:43:07 error: Error: Invalid credentials
    at /Users/lazuardi/voipintegration/backend/controllers/authController.js:23:11
    at process.processTicksAndRejections (node:internal/process/task_queues:105:5)
2025-05-10 14:43:07 error: Error: Invalid credentials
    at /Users/lazuardi/voipintegration/backend/controllers/authController.js:23:11
    at process.processTicksAndRejections (node:internal/process/task_queues:105:5)
2025-05-10 14:43:07 error: Error: Invalid credentials
    at /Users/lazuardi/voipintegration/backend/controllers/authController.js:23:11
    at process.processTicksAndRejections (node:internal/process/task_queues:105:5)
2025-05-10 14:43:08 error: Error: Invalid credentials
    at /Users/lazuardi/voipintegration/backend/controllers/authController.js:23:11
    at process.processTicksAndRejections (node:internal/process/task_queues:105:5)
2025-05-10 14:43:21 error: Error: Invalid credentials
    at /Users/lazuardi/voipintegration/backend/controllers/authController.js:23:11
    at process.processTicksAndRejections (node:internal/process/task_queues:105:5)
2025-05-10 14:45:50 error: Error: Invalid credentials
    at /Users/lazuardi/voipintegration/backend/controllers/authController.js:23:11
    at process.processTicksAndRejections (node:internal/process/task_queues:105:5)
2025-05-10 14:45:51 error: Error: Invalid credentials
    at /Users/lazuardi/voipintegration/backend/controllers/authController.js:23:11
    at process.processTicksAndRejections (node:internal/process/task_queues:105:5)
2025-05-10 14:45:51 error: Error: Invalid credentials
    at /Users/lazuardi/voipintegration/backend/controllers/authController.js:23:11
    at process.processTicksAndRejections (node:internal/process/task_queues:105:5)
2025-05-10 14:45:51 error: Error: Invalid credentials
    at /Users/lazuardi/voipintegration/backend/controllers/authController.js:23:11
    at process.processTicksAndRejections (node:internal/process/task_queues:105:5)
2025-05-10 14:45:51 error: Error: Invalid credentials
    at /Users/lazuardi/voipintegration/backend/controllers/authController.js:23:11
    at process.processTicksAndRejections (node:internal/process/task_queues:105:5)
2025-05-10 14:45:51 error: Error: Invalid credentials
    at /Users/lazuardi/voipintegration/backend/controllers/authController.js:23:11
    at process.processTicksAndRejections (node:internal/process/task_queues:105:5)
2025-05-10 14:45:51 error: Error: Invalid credentials
    at /Users/lazuardi/voipintegration/backend/controllers/authController.js:23:11
    at process.processTicksAndRejections (node:internal/process/task_queues:105:5)
2025-05-10 14:45:52 error: Error: Invalid credentials
    at /Users/lazuardi/voipintegration/backend/controllers/authController.js:23:11
    at process.processTicksAndRejections (node:internal/process/task_queues:105:5)
2025-05-10 14:45:52 error: Error: Invalid credentials
    at /Users/lazuardi/voipintegration/backend/controllers/authController.js:23:11
    at process.processTicksAndRejections (node:internal/process/task_queues:105:5)
2025-05-10 14:45:52 error: Error: Invalid credentials
    at /Users/lazuardi/voipintegration/backend/controllers/authController.js:23:11
    at process.processTicksAndRejections (node:internal/process/task_queues:105:5)
2025-05-10 14:45:52 error: Error: Invalid credentials
    at /Users/lazuardi/voipintegration/backend/controllers/authController.js:23:11
    at process.processTicksAndRejections (node:internal/process/task_queues:105:5)
2025-05-10 14:45:52 error: Error: Invalid credentials
    at /Users/lazuardi/voipintegration/backend/controllers/authController.js:23:11
    at process.processTicksAndRejections (node:internal/process/task_queues:105:5)
2025-05-10 14:45:53 error: Error: Invalid credentials
    at /Users/lazuardi/voipintegration/backend/controllers/authController.js:23:11
    at process.processTicksAndRejections (node:internal/process/task_queues:105:5)
2025-05-10 14:45:53 error: Error: Invalid credentials
    at /Users/lazuardi/voipintegration/backend/controllers/authController.js:23:11
    at process.processTicksAndRejections (node:internal/process/task_queues:105:5)
2025-05-10 14:45:53 error: Error: Invalid credentials
    at /Users/lazuardi/voipintegration/backend/controllers/authController.js:23:11
    at process.processTicksAndRejections (node:internal/process/task_queues:105:5)
2025-05-10 15:08:47 info: Server running in development mode on port 5000
2025-05-10 15:08:48 info: MongoDB Atlas Connected: ac-sj1hql0-shard-00-02.rioeg14.mongodb.net
